2021-03-07 23:43:42.384[INFO][com.example.spingbootbasedemo.SpingBootBaseDemoApplication][logStarting][50] Starting SpingBootBaseDemoApplication on AkerManSH with PID 5728 (E:\code\spring-boot\sping-boot-base-demo\target\classes started by AkerMan_SH in E:\code\spring-boot\sping-boot-base-demo)
2021-03-07 23:43:42.386[INFO][com.example.spingbootbasedemo.SpingBootBaseDemoApplication][logStartupProfileInfo][648] No active profile set, falling back to default profiles: default
2021-03-07 23:43:43.300[INFO][com.example.spingbootbasedemo.SpingBootBaseDemoApplication][logStarted][59] Started SpingBootBaseDemoApplication in 1.128 seconds (JVM running for 1.73)
2021-03-07 23:43:56.129[INFO][org.springframework.web.servlet.DispatcherServlet][initServletBean][525] Initializing Servlet 'dispatcherServlet'
2021-03-07 23:43:56.129[DEBUG][org.springframework.web.servlet.DispatcherServlet][initMultipartResolver][526] Detected StandardServletMultipartResolver
2021-03-07 23:43:56.131[DEBUG][org.springframework.web.servlet.DispatcherServlet][initServletBean][542] enableLoggingRequestDetails='false': request parameters and headers will be masked to prevent unsafe logging of potentially sensitive data
2021-03-07 23:43:56.132[INFO][org.springframework.web.servlet.DispatcherServlet][initServletBean][547] Completed initialization in 3 ms
2021-03-07 23:43:56.137[DEBUG][org.springframework.web.servlet.DispatcherServlet][traceDebug][91] GET "/user", parameters={}
2021-03-07 23:43:56.158[DEBUG][org.springframework.web.servlet.DispatcherServlet][logResult][1131] Completed 200 OK
2021-03-07 23:43:56.171[DEBUG][org.springframework.web.servlet.DispatcherServlet][traceDebug][91] GET "/favicon.ico", parameters={}
2021-03-07 23:43:56.180[DEBUG][org.springframework.web.servlet.DispatcherServlet][logResult][1131] Completed 200 OK
2021-03-07 23:44:54.288[INFO][com.example.spingbootbasedemo.SpingBootBaseDemoApplication][logStarting][50] Starting SpingBootBaseDemoApplication on AkerManSH with PID 11024 (E:\code\spring-boot\sping-boot-base-demo\target\classes started by AkerMan_SH in E:\code\spring-boot\sping-boot-base-demo)
2021-03-07 23:44:54.290[DEBUG][com.example.spingbootbasedemo.SpingBootBaseDemoApplication][logStarting][53] Running with Spring Boot v2.1.14.RELEASE, Spring v5.1.15.RELEASE
2021-03-07 23:44:54.291[INFO][com.example.spingbootbasedemo.SpingBootBaseDemoApplication][logStartupProfileInfo][648] No active profile set, falling back to default profiles: default
2021-03-07 23:44:54.307[DEBUG][org.hibernate.validator.messageinterpolation.ResourceBundleMessageInterpolator][buildExpressionFactory][89] Loaded expression factory via original TCCL
2021-03-07 23:44:54.311[DEBUG][org.hibernate.validator.internal.engine.ValidatorFactoryImpl][logValidatorFactoryScopedConfiguration][587] HV000234: Using org.hibernate.validator.messageinterpolation.ResourceBundleMessageInterpolator as ValidatorFactory-scoped message interpolator.
2021-03-07 23:44:54.311[DEBUG][org.hibernate.validator.internal.engine.ValidatorFactoryImpl][logValidatorFactoryScopedConfiguration][588] HV000234: Using org.hibernate.validator.internal.engine.resolver.TraverseAllTraversableResolver as ValidatorFactory-scoped traversable resolver.
2021-03-07 23:44:54.311[DEBUG][org.hibernate.validator.internal.engine.ValidatorFactoryImpl][logValidatorFactoryScopedConfiguration][589] HV000234: Using org.hibernate.validator.internal.util.ExecutableParameterNameProvider as ValidatorFactory-scoped parameter name provider.
2021-03-07 23:44:54.311[DEBUG][org.hibernate.validator.internal.engine.ValidatorFactoryImpl][logValidatorFactoryScopedConfiguration][590] HV000234: Using org.hibernate.validator.internal.engine.DefaultClockProvider as ValidatorFactory-scoped clock provider.
2021-03-07 23:44:54.311[DEBUG][org.hibernate.validator.internal.engine.ValidatorFactoryImpl][logValidatorFactoryScopedConfiguration][591] HV000234: Using org.hibernate.validator.internal.engine.scripting.DefaultScriptEvaluatorFactory as ValidatorFactory-scoped script evaluator factory.
2021-03-07 23:44:54.906[DEBUG][org.hibernate.validator.internal.engine.resolver.TraversableResolvers][getDefault][60] Cannot find javax.persistence.Persistence on classpath. Assuming non JPA 2 environment. All properties will per default be traversable.
2021-03-07 23:44:54.906[DEBUG][org.hibernate.validator.messageinterpolation.ResourceBundleMessageInterpolator][buildExpressionFactory][89] Loaded expression factory via original TCCL
2021-03-07 23:44:54.908[DEBUG][org.hibernate.validator.internal.engine.resolver.TraversableResolvers][getDefault][60] Cannot find javax.persistence.Persistence on classpath. Assuming non JPA 2 environment. All properties will per default be traversable.
2021-03-07 23:44:54.908[DEBUG][org.hibernate.validator.internal.engine.ConfigurationImpl][messageInterpolator][150] Setting custom MessageInterpolator of type org.springframework.validation.beanvalidation.LocaleContextMessageInterpolator
2021-03-07 23:44:54.908[DEBUG][org.hibernate.validator.internal.engine.ConfigurationImpl][constraintValidatorFactory][182] Setting custom ConstraintValidatorFactory of type org.springframework.validation.beanvalidation.SpringConstraintValidatorFactory
2021-03-07 23:44:54.909[DEBUG][org.hibernate.validator.internal.engine.ConfigurationImpl][parameterNameProvider][196] Setting custom ParameterNameProvider of type org.springframework.validation.beanvalidation.LocalValidatorFactoryBean$1
2021-03-07 23:44:54.909[DEBUG][org.hibernate.validator.internal.xml.config.ValidationXmlParser][getValidationXmlInputStream][120] Trying to load META-INF/validation.xml for XML based Validator configuration.
2021-03-07 23:44:54.909[DEBUG][org.hibernate.validator.internal.xml.config.ResourceLoaderHelper][getResettableInputStreamForPath][53] Trying to load META-INF/validation.xml via user class loader
2021-03-07 23:44:54.909[DEBUG][org.hibernate.validator.internal.xml.config.ResourceLoaderHelper][getResettableInputStreamForPath][60] Trying to load META-INF/validation.xml via TCCL
2021-03-07 23:44:54.910[DEBUG][org.hibernate.validator.internal.xml.config.ResourceLoaderHelper][getResettableInputStreamForPath][66] Trying to load META-INF/validation.xml via Hibernate Validator's class loader
2021-03-07 23:44:54.910[DEBUG][org.hibernate.validator.internal.xml.config.ValidationXmlParser][getValidationXmlInputStream][127] No META-INF/validation.xml found. Using annotation based configuration only.
2021-03-07 23:44:54.912[DEBUG][org.hibernate.validator.internal.engine.ValidatorFactoryImpl][logValidatorFactoryScopedConfiguration][587] HV000234: Using org.springframework.validation.beanvalidation.LocaleContextMessageInterpolator as ValidatorFactory-scoped message interpolator.
2021-03-07 23:44:54.912[DEBUG][org.hibernate.validator.internal.engine.ValidatorFactoryImpl][logValidatorFactoryScopedConfiguration][588] HV000234: Using org.hibernate.validator.internal.engine.resolver.TraverseAllTraversableResolver as ValidatorFactory-scoped traversable resolver.
2021-03-07 23:44:54.912[DEBUG][org.hibernate.validator.internal.engine.ValidatorFactoryImpl][logValidatorFactoryScopedConfiguration][589] HV000234: Using org.hibernate.validator.internal.util.ExecutableParameterNameProvider as ValidatorFactory-scoped parameter name provider.
2021-03-07 23:44:54.912[DEBUG][org.hibernate.validator.internal.engine.ValidatorFactoryImpl][logValidatorFactoryScopedConfiguration][590] HV000234: Using org.hibernate.validator.internal.engine.DefaultClockProvider as ValidatorFactory-scoped clock provider.
2021-03-07 23:44:54.912[DEBUG][org.hibernate.validator.internal.engine.ValidatorFactoryImpl][logValidatorFactoryScopedConfiguration][591] HV000234: Using org.hibernate.validator.internal.engine.scripting.DefaultScriptEvaluatorFactory as ValidatorFactory-scoped script evaluator factory.
2021-03-07 23:44:55.071[INFO][com.example.spingbootbasedemo.SpingBootBaseDemoApplication][logStarted][59] Started SpingBootBaseDemoApplication in 0.985 seconds (JVM running for 1.536)
2021-03-07 23:45:04.957[INFO][org.springframework.web.servlet.DispatcherServlet][initServletBean][525] Initializing Servlet 'dispatcherServlet'
2021-03-07 23:45:04.957[DEBUG][org.springframework.web.servlet.DispatcherServlet][initMultipartResolver][526] Detected StandardServletMultipartResolver
2021-03-07 23:45:04.961[DEBUG][org.springframework.web.servlet.DispatcherServlet][initServletBean][542] enableLoggingRequestDetails='false': request parameters and headers will be masked to prevent unsafe logging of potentially sensitive data
2021-03-07 23:45:04.961[INFO][org.springframework.web.servlet.DispatcherServlet][initServletBean][547] Completed initialization in 4 ms
2021-03-07 23:45:04.966[DEBUG][org.springframework.web.servlet.DispatcherServlet][traceDebug][91] GET "/user", parameters={}
2021-03-07 23:45:04.984[DEBUG][org.springframework.web.servlet.DispatcherServlet][logResult][1131] Completed 200 OK
2021-03-07 23:45:04.997[DEBUG][org.springframework.web.servlet.DispatcherServlet][traceDebug][91] GET "/favicon.ico", parameters={}
2021-03-07 23:45:05.006[DEBUG][org.springframework.web.servlet.DispatcherServlet][logResult][1131] Completed 200 OK
2021-03-07 23:50:23.693[INFO][com.example.spingbootbasedemo.SpingBootBaseDemoApplication][logStarting][50] Starting SpingBootBaseDemoApplication on AkerManSH with PID 24432 (E:\code\spring-boot\sping-boot-base-demo\target\classes started by AkerMan_SH in E:\code\spring-boot\sping-boot-base-demo)
2021-03-07 23:50:23.695[DEBUG][com.example.spingbootbasedemo.SpingBootBaseDemoApplication][logStarting][53] Running with Spring Boot v2.1.14.RELEASE, Spring v5.1.15.RELEASE
2021-03-07 23:50:23.695[INFO][com.example.spingbootbasedemo.SpingBootBaseDemoApplication][logStartupProfileInfo][652] The following profiles are active: dev
2021-03-07 23:50:23.701[DEBUG][org.hibernate.validator.messageinterpolation.ResourceBundleMessageInterpolator][buildExpressionFactory][89] Loaded expression factory via original TCCL
2021-03-07 23:50:23.706[DEBUG][org.hibernate.validator.internal.engine.ValidatorFactoryImpl][logValidatorFactoryScopedConfiguration][587] HV000234: Using org.hibernate.validator.messageinterpolation.ResourceBundleMessageInterpolator as ValidatorFactory-scoped message interpolator.
2021-03-07 23:50:23.706[DEBUG][org.hibernate.validator.internal.engine.ValidatorFactoryImpl][logValidatorFactoryScopedConfiguration][588] HV000234: Using org.hibernate.validator.internal.engine.resolver.TraverseAllTraversableResolver as ValidatorFactory-scoped traversable resolver.
2021-03-07 23:50:23.706[DEBUG][org.hibernate.validator.internal.engine.ValidatorFactoryImpl][logValidatorFactoryScopedConfiguration][589] HV000234: Using org.hibernate.validator.internal.util.ExecutableParameterNameProvider as ValidatorFactory-scoped parameter name provider.
2021-03-07 23:50:23.706[DEBUG][org.hibernate.validator.internal.engine.ValidatorFactoryImpl][logValidatorFactoryScopedConfiguration][590] HV000234: Using org.hibernate.validator.internal.engine.DefaultClockProvider as ValidatorFactory-scoped clock provider.
2021-03-07 23:50:23.706[DEBUG][org.hibernate.validator.internal.engine.ValidatorFactoryImpl][logValidatorFactoryScopedConfiguration][591] HV000234: Using org.hibernate.validator.internal.engine.scripting.DefaultScriptEvaluatorFactory as ValidatorFactory-scoped script evaluator factory.
2021-03-07 23:50:24.300[DEBUG][org.hibernate.validator.internal.engine.resolver.TraversableResolvers][getDefault][60] Cannot find javax.persistence.Persistence on classpath. Assuming non JPA 2 environment. All properties will per default be traversable.
2021-03-07 23:50:24.300[DEBUG][org.hibernate.validator.messageinterpolation.ResourceBundleMessageInterpolator][buildExpressionFactory][89] Loaded expression factory via original TCCL
2021-03-07 23:50:24.300[DEBUG][org.hibernate.validator.internal.engine.resolver.TraversableResolvers][getDefault][60] Cannot find javax.persistence.Persistence on classpath. Assuming non JPA 2 environment. All properties will per default be traversable.
2021-03-07 23:50:24.300[DEBUG][org.hibernate.validator.internal.engine.ConfigurationImpl][messageInterpolator][150] Setting custom MessageInterpolator of type org.springframework.validation.beanvalidation.LocaleContextMessageInterpolator
2021-03-07 23:50:24.300[DEBUG][org.hibernate.validator.internal.engine.ConfigurationImpl][constraintValidatorFactory][182] Setting custom ConstraintValidatorFactory of type org.springframework.validation.beanvalidation.SpringConstraintValidatorFactory
2021-03-07 23:50:24.300[DEBUG][org.hibernate.validator.internal.engine.ConfigurationImpl][parameterNameProvider][196] Setting custom ParameterNameProvider of type org.springframework.validation.beanvalidation.LocalValidatorFactoryBean$1
2021-03-07 23:50:24.300[DEBUG][org.hibernate.validator.internal.xml.config.ValidationXmlParser][getValidationXmlInputStream][120] Trying to load META-INF/validation.xml for XML based Validator configuration.
2021-03-07 23:50:24.300[DEBUG][org.hibernate.validator.internal.xml.config.ResourceLoaderHelper][getResettableInputStreamForPath][53] Trying to load META-INF/validation.xml via user class loader
2021-03-07 23:50:24.300[DEBUG][org.hibernate.validator.internal.xml.config.ResourceLoaderHelper][getResettableInputStreamForPath][60] Trying to load META-INF/validation.xml via TCCL
2021-03-07 23:50:24.300[DEBUG][org.hibernate.validator.internal.xml.config.ResourceLoaderHelper][getResettableInputStreamForPath][66] Trying to load META-INF/validation.xml via Hibernate Validator's class loader
2021-03-07 23:50:24.300[DEBUG][org.hibernate.validator.internal.xml.config.ValidationXmlParser][getValidationXmlInputStream][127] No META-INF/validation.xml found. Using annotation based configuration only.
2021-03-07 23:50:24.315[DEBUG][org.hibernate.validator.internal.engine.ValidatorFactoryImpl][logValidatorFactoryScopedConfiguration][587] HV000234: Using org.springframework.validation.beanvalidation.LocaleContextMessageInterpolator as ValidatorFactory-scoped message interpolator.
2021-03-07 23:50:24.315[DEBUG][org.hibernate.validator.internal.engine.ValidatorFactoryImpl][logValidatorFactoryScopedConfiguration][588] HV000234: Using org.hibernate.validator.internal.engine.resolver.TraverseAllTraversableResolver as ValidatorFactory-scoped traversable resolver.
2021-03-07 23:50:24.315[DEBUG][org.hibernate.validator.internal.engine.ValidatorFactoryImpl][logValidatorFactoryScopedConfiguration][589] HV000234: Using org.hibernate.validator.internal.util.ExecutableParameterNameProvider as ValidatorFactory-scoped parameter name provider.
2021-03-07 23:50:24.315[DEBUG][org.hibernate.validator.internal.engine.ValidatorFactoryImpl][logValidatorFactoryScopedConfiguration][590] HV000234: Using org.hibernate.validator.internal.engine.DefaultClockProvider as ValidatorFactory-scoped clock provider.
2021-03-07 23:50:24.315[DEBUG][org.hibernate.validator.internal.engine.ValidatorFactoryImpl][logValidatorFactoryScopedConfiguration][591] HV000234: Using org.hibernate.validator.internal.engine.scripting.DefaultScriptEvaluatorFactory as ValidatorFactory-scoped script evaluator factory.
2021-03-07 23:50:24.472[INFO][com.example.spingbootbasedemo.SpingBootBaseDemoApplication][logStarted][59] Started SpingBootBaseDemoApplication in 0.992 seconds (JVM running for 1.613)
2021-03-07 23:50:34.501[INFO][org.springframework.web.servlet.DispatcherServlet][initServletBean][525] Initializing Servlet 'dispatcherServlet'
2021-03-07 23:50:34.502[DEBUG][org.springframework.web.servlet.DispatcherServlet][initMultipartResolver][526] Detected StandardServletMultipartResolver
2021-03-07 23:50:34.505[DEBUG][org.springframework.web.servlet.DispatcherServlet][initServletBean][542] enableLoggingRequestDetails='false': request parameters and headers will be masked to prevent unsafe logging of potentially sensitive data
2021-03-07 23:50:34.506[INFO][org.springframework.web.servlet.DispatcherServlet][initServletBean][547] Completed initialization in 4 ms
2021-03-07 23:50:34.512[DEBUG][org.springframework.web.servlet.DispatcherServlet][traceDebug][91] GET "/user", parameters={}
2021-03-07 23:50:34.531[DEBUG][org.springframework.web.servlet.DispatcherServlet][logResult][1131] Completed 200 OK
2021-03-07 23:50:34.560[DEBUG][org.springframework.web.servlet.DispatcherServlet][traceDebug][91] GET "/favicon.ico", parameters={}
2021-03-07 23:50:34.569[DEBUG][org.springframework.web.servlet.DispatcherServlet][logResult][1131] Completed 200 OK
2021-03-07 23:50:47.834[INFO][com.example.spingbootbasedemo.SpingBootBaseDemoApplication][logStarting][50] Starting SpingBootBaseDemoApplication on AkerManSH with PID 9812 (E:\code\spring-boot\sping-boot-base-demo\target\classes started by AkerMan_SH in E:\code\spring-boot\sping-boot-base-demo)
2021-03-07 23:50:47.836[DEBUG][com.example.spingbootbasedemo.SpingBootBaseDemoApplication][logStarting][53] Running with Spring Boot v2.1.14.RELEASE, Spring v5.1.15.RELEASE
2021-03-07 23:50:47.836[INFO][com.example.spingbootbasedemo.SpingBootBaseDemoApplication][logStartupProfileInfo][652] The following profiles are active: test
2021-03-07 23:50:47.842[DEBUG][org.hibernate.validator.messageinterpolation.ResourceBundleMessageInterpolator][buildExpressionFactory][89] Loaded expression factory via original TCCL
2021-03-07 23:50:47.846[DEBUG][org.hibernate.validator.internal.engine.ValidatorFactoryImpl][logValidatorFactoryScopedConfiguration][587] HV000234: Using org.hibernate.validator.messageinterpolation.ResourceBundleMessageInterpolator as ValidatorFactory-scoped message interpolator.
2021-03-07 23:50:47.847[DEBUG][org.hibernate.validator.internal.engine.ValidatorFactoryImpl][logValidatorFactoryScopedConfiguration][588] HV000234: Using org.hibernate.validator.internal.engine.resolver.TraverseAllTraversableResolver as ValidatorFactory-scoped traversable resolver.
2021-03-07 23:50:47.847[DEBUG][org.hibernate.validator.internal.engine.ValidatorFactoryImpl][logValidatorFactoryScopedConfiguration][589] HV000234: Using org.hibernate.validator.internal.util.ExecutableParameterNameProvider as ValidatorFactory-scoped parameter name provider.
2021-03-07 23:50:47.847[DEBUG][org.hibernate.validator.internal.engine.ValidatorFactoryImpl][logValidatorFactoryScopedConfiguration][590] HV000234: Using org.hibernate.validator.internal.engine.DefaultClockProvider as ValidatorFactory-scoped clock provider.
2021-03-07 23:50:47.847[DEBUG][org.hibernate.validator.internal.engine.ValidatorFactoryImpl][logValidatorFactoryScopedConfiguration][591] HV000234: Using org.hibernate.validator.internal.engine.scripting.DefaultScriptEvaluatorFactory as ValidatorFactory-scoped script evaluator factory.
2021-03-07 23:50:48.440[DEBUG][org.hibernate.validator.internal.engine.resolver.TraversableResolvers][getDefault][60] Cannot find javax.persistence.Persistence on classpath. Assuming non JPA 2 environment. All properties will per default be traversable.
2021-03-07 23:50:48.440[DEBUG][org.hibernate.validator.messageinterpolation.ResourceBundleMessageInterpolator][buildExpressionFactory][89] Loaded expression factory via original TCCL
2021-03-07 23:50:48.440[DEBUG][org.hibernate.validator.internal.engine.resolver.TraversableResolvers][getDefault][60] Cannot find javax.persistence.Persistence on classpath. Assuming non JPA 2 environment. All properties will per default be traversable.
2021-03-07 23:50:48.440[DEBUG][org.hibernate.validator.internal.engine.ConfigurationImpl][messageInterpolator][150] Setting custom MessageInterpolator of type org.springframework.validation.beanvalidation.LocaleContextMessageInterpolator
2021-03-07 23:50:48.440[DEBUG][org.hibernate.validator.internal.engine.ConfigurationImpl][constraintValidatorFactory][182] Setting custom ConstraintValidatorFactory of type org.springframework.validation.beanvalidation.SpringConstraintValidatorFactory
2021-03-07 23:50:48.440[DEBUG][org.hibernate.validator.internal.engine.ConfigurationImpl][parameterNameProvider][196] Setting custom ParameterNameProvider of type org.springframework.validation.beanvalidation.LocalValidatorFactoryBean$1
2021-03-07 23:50:48.440[DEBUG][org.hibernate.validator.internal.xml.config.ValidationXmlParser][getValidationXmlInputStream][120] Trying to load META-INF/validation.xml for XML based Validator configuration.
2021-03-07 23:50:48.440[DEBUG][org.hibernate.validator.internal.xml.config.ResourceLoaderHelper][getResettableInputStreamForPath][53] Trying to load META-INF/validation.xml via user class loader
2021-03-07 23:50:48.440[DEBUG][org.hibernate.validator.internal.xml.config.ResourceLoaderHelper][getResettableInputStreamForPath][60] Trying to load META-INF/validation.xml via TCCL
2021-03-07 23:50:48.440[DEBUG][org.hibernate.validator.internal.xml.config.ResourceLoaderHelper][getResettableInputStreamForPath][66] Trying to load META-INF/validation.xml via Hibernate Validator's class loader
2021-03-07 23:50:48.440[DEBUG][org.hibernate.validator.internal.xml.config.ValidationXmlParser][getValidationXmlInputStream][127] No META-INF/validation.xml found. Using annotation based configuration only.
2021-03-07 23:50:48.456[DEBUG][org.hibernate.validator.internal.engine.ValidatorFactoryImpl][logValidatorFactoryScopedConfiguration][587] HV000234: Using org.springframework.validation.beanvalidation.LocaleContextMessageInterpolator as ValidatorFactory-scoped message interpolator.
2021-03-07 23:50:48.456[DEBUG][org.hibernate.validator.internal.engine.ValidatorFactoryImpl][logValidatorFactoryScopedConfiguration][588] HV000234: Using org.hibernate.validator.internal.engine.resolver.TraverseAllTraversableResolver as ValidatorFactory-scoped traversable resolver.
2021-03-07 23:50:48.456[DEBUG][org.hibernate.validator.internal.engine.ValidatorFactoryImpl][logValidatorFactoryScopedConfiguration][589] HV000234: Using org.hibernate.validator.internal.util.ExecutableParameterNameProvider as ValidatorFactory-scoped parameter name provider.
2021-03-07 23:50:48.456[DEBUG][org.hibernate.validator.internal.engine.ValidatorFactoryImpl][logValidatorFactoryScopedConfiguration][590] HV000234: Using org.hibernate.validator.internal.engine.DefaultClockProvider as ValidatorFactory-scoped clock provider.
2021-03-07 23:50:48.456[DEBUG][org.hibernate.validator.internal.engine.ValidatorFactoryImpl][logValidatorFactoryScopedConfiguration][591] HV000234: Using org.hibernate.validator.internal.engine.scripting.DefaultScriptEvaluatorFactory as ValidatorFactory-scoped script evaluator factory.
2021-03-07 23:50:48.602[INFO][com.example.spingbootbasedemo.SpingBootBaseDemoApplication][logStarted][59] Started SpingBootBaseDemoApplication in 0.941 seconds (JVM running for 1.52)
2021-03-07 23:51:11.648[INFO][com.example.spingbootbasedemo.SpingBootBaseDemoApplication][logStarting][50] Starting SpingBootBaseDemoApplication on AkerManSH with PID 19856 (E:\code\spring-boot\sping-boot-base-demo\target\classes started by AkerMan_SH in E:\code\spring-boot\sping-boot-base-demo)
2021-03-07 23:51:11.648[INFO][com.example.spingbootbasedemo.SpingBootBaseDemoApplication][logStartupProfileInfo][652] The following profiles are active: test
2021-03-07 23:51:12.426[INFO][com.example.spingbootbasedemo.SpingBootBaseDemoApplication][logStarted][59] Started SpingBootBaseDemoApplication in 0.959 seconds (JVM running for 1.55)
2021-03-07 23:51:34.792[INFO][org.springframework.web.servlet.DispatcherServlet][initServletBean][525] Initializing Servlet 'dispatcherServlet'
2021-03-07 23:51:34.793[DEBUG][org.springframework.web.servlet.DispatcherServlet][initMultipartResolver][526] Detected StandardServletMultipartResolver
2021-03-07 23:51:34.796[DEBUG][org.springframework.web.servlet.DispatcherServlet][initServletBean][542] enableLoggingRequestDetails='false': request parameters and headers will be masked to prevent unsafe logging of potentially sensitive data
2021-03-07 23:51:34.796[INFO][org.springframework.web.servlet.DispatcherServlet][initServletBean][547] Completed initialization in 3 ms
2021-03-07 23:51:34.801[DEBUG][org.springframework.web.servlet.DispatcherServlet][traceDebug][91] GET "/user", parameters={}
2021-03-07 23:51:34.821[DEBUG][org.springframework.web.servlet.DispatcherServlet][logResult][1131] Completed 200 OK
2021-03-07 23:51:34.835[DEBUG][org.springframework.web.servlet.DispatcherServlet][traceDebug][91] GET "/favicon.ico", parameters={}
2021-03-07 23:51:34.844[DEBUG][org.springframework.web.servlet.DispatcherServlet][logResult][1131] Completed 200 OK
2021-03-07 23:57:22.904[INFO][com.example.spingbootbasedemo.SpingBootBaseDemoApplication][logStarting][55] Starting SpingBootBaseDemoApplication on AkerManSH with PID 23756 (E:\code\spring-boot\sping-boot-base-demo\target\classes started by AkerMan_SH in E:\code\spring-boot\sping-boot-base-demo)
2021-03-07 23:57:22.906[INFO][com.example.spingbootbasedemo.SpingBootBaseDemoApplication][logStartupProfileInfo][655] The following profiles are active: dev
2021-03-07 23:57:23.723[INFO][com.example.spingbootbasedemo.SpingBootBaseDemoApplication][logStarted][61] Started SpingBootBaseDemoApplication in 1.067 seconds (JVM running for 1.663)
2021-03-07 23:57:39.463[INFO][org.springframework.web.servlet.DispatcherServlet][initServletBean][525] Initializing Servlet 'dispatcherServlet'
2021-03-07 23:57:39.463[DEBUG][org.springframework.web.servlet.DispatcherServlet][initMultipartResolver][526] Detected StandardServletMultipartResolver
2021-03-07 23:57:39.466[DEBUG][org.springframework.web.servlet.DispatcherServlet][initServletBean][542] enableLoggingRequestDetails='false': request parameters and headers will be masked to prevent unsafe logging of potentially sensitive data
2021-03-07 23:57:39.466[INFO][org.springframework.web.servlet.DispatcherServlet][initServletBean][547] Completed initialization in 3 ms
2021-03-07 23:57:39.471[DEBUG][org.springframework.web.servlet.DispatcherServlet][traceDebug][91] GET "/index.html", parameters={}
2021-03-07 23:57:39.484[DEBUG][org.springframework.web.servlet.DispatcherServlet][logResult][1131] Completed 200 OK
2021-03-07 23:57:39.497[DEBUG][org.springframework.web.servlet.DispatcherServlet][traceDebug][91] GET "/img/%E6%9C%AC%E4%BA%BA%E7%85%A7%E7%89%87.jpg", parameters={}
2021-03-07 23:57:39.500[DEBUG][org.springframework.web.servlet.DispatcherServlet][logResult][1131] Completed 200 OK
